0 info it worked if it ends with ok
1 verbose cli [ '/usr/bin/node', '/usr/bin/npm', 'run', 'all' ]
2 info using npm@1.4.28
3 info using node@v0.10.38
4 verbose node symlink /usr/bin/node
5 verbose run-script [ 'preall', 'all', 'postall' ]
6 info preall ng-harmony-annotate@0.1.0
7 info all ng-harmony-annotate@0.1.0
8 verbose unsafe-perm in lifecycle true
9 info ng-harmony-annotate@0.1.0 Failed to exec all script
10 error ng-harmony-annotate@0.1.0 all: `npm run build && npm run beautify && npm run transpile`
10 error Exit status 1
11 error Failed at the ng-harmony-annotate@0.1.0 all script.
11 error This is most likely a problem with the ng-harmony-annotate package,
11 error not with npm itself.
11 error Tell the author that this fails on your system:
11 error     npm run build && npm run beautify && npm run transpile
11 error You can get their info via:
11 error     npm owner ls ng-harmony-annotate
11 error There is likely additional logging output above.
12 error System Linux 3.16.0-34-generic
13 error command "/usr/bin/node" "/usr/bin/npm" "run" "all"
14 error cwd /home/joehannes/ng-harmony-annotate
15 error node -v v0.10.38
16 error npm -v 1.4.28
17 error code ELIFECYCLE
18 verbose exit [ 1, true ]
